build/app/outputs/mapping/release/seeds.txt
com.example.fso_support.MainActivity
com.example.fso_support.MainActivity: MainActivity()
...
androidx.lifecycle.ReportFragment$LifecycleCallbacks: void onActivityDestroyed(android.app.Activity)
com.github.barteksc.pdfviewer.PDFView: void setPageSnap(boolean)
androidx.appcompat.widget.Toolbar: void setContentInsetStartWithNavigation(int)
com.google.android.libraries.barhopper.OnedRecognitionOptions: int getCodabarMinCodeLength()
androidx.camera.core.impl.CameraCaptureMetaData$AeState: androidx.camera.core.impl.CameraCaptureMetaData$AeState[] values()
io.flutter.embedding.engine.FlutterJNI: void invokePlatformMessageResponseCallback(int,java.nio.ByteBuffer,int)
androidx.appcompat.widget.ViewStubCompat: int getInflatedId()
io.flutter.view.AccessibilityBridge$AccessibilityFeature: io.flutter.view.AccessibilityBridge$AccessibilityFeature[] values()
androidx.core.app.RemoteInput$Api29Impl: int getEditChoicesBeforeSending(java.lang.Object)
androidx.lifecycle.ReportFragment$LifecycleCallbacks: void registerIn(android.app.Activity)
io.flutter.embedding.engine.FlutterJNI: void nativePrefetchDefaultFontManager()
androidx.core.graphics.drawable.DrawableCompat$Api21Impl: void setHotspot(android.graphics.drawable.Drawable,float,float)
androidx.core.content.res.ResourcesCompat$Api23Impl: int getColor(android.content.res.Resources,int,android.content.res.Resources$Theme)
com.google.crypto.tink.proto.OutputPrefixType: com.google.crypto.tink.proto.OutputPrefixType valueOf(java.lang.String)
androidx.core.hardware.fingerprint.FingerprintManagerCompat$Api23Impl: boolean isHardwareDetected(java.lang.Object)
androidx.core.view.WindowInsetsCompat$Impl21: void setStableInsets(androidx.core.graphics.Insets)
androidx.appcompat.widget.AppCompatButton: int getAutoSizeStepGranularity()
com.google.android.gms.internal.mlkit_vision_barcode_bundled.zzb: boolean onTransact(int,android.os.Parcel,android.os.Parcel,int)
androidx.appcompat.widget.AppCompatImageView: android.content.res.ColorStateList getSupportBackgroundTintList()
com.google.android.gms.internal.mlkit_vision_common.zzii: com.google.android.gms.internal.mlkit_vision_common.zzii[] values()
androidx.appcompat.widget.ViewStubCompat: void setLayoutInflater(android.view.LayoutInflater)
androidx.appcompat.widget.AppCompatButton: void setAutoSizeTextTypeWithDefaults(int)
io.flutter.plugins.imagepicker.Messages$SourceCamera: io.flutter.plugins.imagepicker.Messages$SourceCamera valueOf(java.lang.String)
io.flutter.embedding.engine.systemchannels.PlatformChannel$ClipboardContentFormat: io.flutter.embedding.engine.systemchannels.PlatformChannel$ClipboardContentFormat valueOf(java.lang.String)
io.flutter.embedding.android.FlutterImageView: android.view.Surface getSurface()
com.google.mlkit.vision.barcode.internal.BarcodeRegistrar: BarcodeRegistrar()
androidx.core.view.WindowInsetsCompat$Impl: boolean isConsumed()
androidx.appcompat.widget.AppCompatEditText: void setSupportBackgroundTintList(android.content.res.ColorStateList)
androidx.core.app.ActivityCompat$Api23Impl: void onSharedElementsReady(java.lang.Object)
androidx.core.view.ViewCompat$Api21Impl$1: ViewCompat$Api21Impl$1(android.view.View,androidx.core.view.OnApplyWindowInsetsListener)
androidx.core.app.NotificationCompatBuilder$Api23Impl: android.app.Notification$Builder setSmallIcon(android.app.Notification$Builder,java.lang.Object)
androidx.activity.Api34Impl: float touchX(android.window.BackEvent)
androidx.vectordrawable.graphics.drawable.VectorDrawableCompat$VFullPath: void setStrokeColor(int)
androidx.lifecycle.ReportFragment$LifecycleCallbacks: ReportFragment$LifecycleCallbacks()
androidx.camera.core.CameraState$Type: androidx.camera.core.CameraState$Type[] values()
androidx.camera.camera2.internal.compat.ApiCompat$Api24Impl: void onCaptureBufferLost(android.hardware.camera2.CameraCaptureSession$CaptureCallback,android.hardware.camera2.CameraCaptureSession,android.hardware.camera2.CaptureRequest,android.view.Surface,long)
androidx.appcompat.widget.AppCompatCheckBox: android.content.res.ColorStateList getSupportBackgroundTintList()